Determining if the CL_VERSION_2_0 exist failed with the following output:
Change Dir: /home/nikhil/Downloads/examples/build/CMakeFiles/CMakeTmp

Run Build Command:/usr/bin/make "cmTryCompileExec352914307/fast"
/usr/bin/make -f CMakeFiles/cmTryCompileExec352914307.dir/build.make CMakeFiles/cmTryCompileExec352914307.dir/build
make[1]: Entering directory `/home/nikhil/Downloads/examples/build/CMakeFiles/CMakeTmp'
/usr/bin/cmake -E cmake_progress_report /home/nikhil/Downloads/examples/build/CMakeFiles/CMakeTmp/CMakeFiles 1
Building C object CMakeFiles/cmTryCompileExec352914307.dir/CheckSymbolExists.c.o
/usr/bin/cc    -o CMakeFiles/cmTryCompileExec352914307.dir/CheckSymbolExists.c.o   -c /home/nikhil/Downloads/examples/build/CMakeFiles/CMakeTmp/CheckSymbolExists.c
/home/nikhil/Downloads/examples/build/CMakeFiles/CMakeTmp/CheckSymbolExists.c:2:47: fatal error: OpenCL_INCLUDE_DIR-NOTFOUND/CL/cl.h: No such file or directory
 #include <OpenCL_INCLUDE_DIR-NOTFOUND/CL/cl.h>
                                               ^
compilation terminated.
make[1]: Leaving directory `/home/nikhil/Downloads/examples/build/CMakeFiles/CMakeTmp'
make[1]: *** [CMakeFiles/cmTryCompileExec352914307.dir/CheckSymbolExists.c.o] Error 1
make: *** [cmTryCompileExec352914307/fast] Error 2

File /home/nikhil/Downloads/examples/build/CMakeFiles/CMakeTmp/CheckSymbolExists.c:
/* */
#include <OpenCL_INCLUDE_DIR-NOTFOUND/CL/cl.h>

int main(int argc, char** argv)
{
  (void)argv;
#ifndef CL_VERSION_2_0
  return ((int*)(&CL_VERSION_2_0))[argc];
#else
  (void)argc;
  return 0;
#endif
}

Determining if the CL_VERSION_1_2 exist failed with the following output:
Change Dir: /home/nikhil/Downloads/examples/build/CMakeFiles/CMakeTmp

Run Build Command:/usr/bin/make "cmTryCompileExec1313859268/fast"
/usr/bin/make -f CMakeFiles/cmTryCompileExec1313859268.dir/build.make CMakeFiles/cmTryCompileExec1313859268.dir/build
make[1]: Entering directory `/home/nikhil/Downloads/examples/build/CMakeFiles/CMakeTmp'
/usr/bin/cmake -E cmake_progress_report /home/nikhil/Downloads/examples/build/CMakeFiles/CMakeTmp/CMakeFiles 1
Building C object CMakeFiles/cmTryCompileExec1313859268.dir/CheckSymbolExists.c.o
/usr/bin/cc    -o CMakeFiles/cmTryCompileExec1313859268.dir/CheckSymbolExists.c.o   -c /home/nikhil/Downloads/examples/build/CMakeFiles/CMakeTmp/CheckSymbolExists.c
/home/nikhil/Downloads/examples/build/CMakeFiles/CMakeTmp/CheckSymbolExists.c:2:47: fatal error: OpenCL_INCLUDE_DIR-NOTFOUND/CL/cl.h: No such file or directory
 #include <OpenCL_INCLUDE_DIR-NOTFOUND/CL/cl.h>
                                               ^
compilation terminated.
make[1]: *** [CMakeFiles/cmTryCompileExec1313859268.dir/CheckSymbolExists.c.o] Error 1
make[1]: Leaving directory `/home/nikhil/Downloads/examples/build/CMakeFiles/CMakeTmp'
make: *** [cmTryCompileExec1313859268/fast] Error 2

File /home/nikhil/Downloads/examples/build/CMakeFiles/CMakeTmp/CheckSymbolExists.c:
/* */
#include <OpenCL_INCLUDE_DIR-NOTFOUND/CL/cl.h>

int main(int argc, char** argv)
{
  (void)argv;
#ifndef CL_VERSION_1_2
  return ((int*)(&CL_VERSION_1_2))[argc];
#else
  (void)argc;
  return 0;
#endif
}

Determining if the CL_VERSION_1_1 exist failed with the following output:
Change Dir: /home/nikhil/Downloads/examples/build/CMakeFiles/CMakeTmp

Run Build Command:/usr/bin/make "cmTryCompileExec2988142797/fast"
/usr/bin/make -f CMakeFiles/cmTryCompileExec2988142797.dir/build.make CMakeFiles/cmTryCompileExec2988142797.dir/build
make[1]: Entering directory `/home/nikhil/Downloads/examples/build/CMakeFiles/CMakeTmp'
/usr/bin/cmake -E cmake_progress_report /home/nikhil/Downloads/examples/build/CMakeFiles/CMakeTmp/CMakeFiles 1
Building C object CMakeFiles/cmTryCompileExec2988142797.dir/CheckSymbolExists.c.o
/usr/bin/cc    -o CMakeFiles/cmTryCompileExec2988142797.dir/CheckSymbolExists.c.o   -c /home/nikhil/Downloads/examples/build/CMakeFiles/CMakeTmp/CheckSymbolExists.c
/home/nikhil/Downloads/examples/build/CMakeFiles/CMakeTmp/CheckSymbolExists.c:2:47: fatal error: OpenCL_INCLUDE_DIR-NOTFOUND/CL/cl.h: No such file or directory
 #include <OpenCL_INCLUDE_DIR-NOTFOUND/CL/cl.h>
                                               ^
compilation terminated.
make[1]: Leaving directory `/home/nikhil/Downloads/examples/build/CMakeFiles/CMakeTmp'
make[1]: *** [CMakeFiles/cmTryCompileExec2988142797.dir/CheckSymbolExists.c.o] Error 1
make: *** [cmTryCompileExec2988142797/fast] Error 2

File /home/nikhil/Downloads/examples/build/CMakeFiles/CMakeTmp/CheckSymbolExists.c:
/* */
#include <OpenCL_INCLUDE_DIR-NOTFOUND/CL/cl.h>

int main(int argc, char** argv)
{
  (void)argv;
#ifndef CL_VERSION_1_1
  return ((int*)(&CL_VERSION_1_1))[argc];
#else
  (void)argc;
  return 0;
#endif
}

Determining if the CL_VERSION_1_0 exist failed with the following output:
Change Dir: /home/nikhil/Downloads/examples/build/CMakeFiles/CMakeTmp

Run Build Command:/usr/bin/make "cmTryCompileExec2867594351/fast"
/usr/bin/make -f CMakeFiles/cmTryCompileExec2867594351.dir/build.make CMakeFiles/cmTryCompileExec2867594351.dir/build
make[1]: Entering directory `/home/nikhil/Downloads/examples/build/CMakeFiles/CMakeTmp'
/usr/bin/cmake -E cmake_progress_report /home/nikhil/Downloads/examples/build/CMakeFiles/CMakeTmp/CMakeFiles 1
Building C object CMakeFiles/cmTryCompileExec2867594351.dir/CheckSymbolExists.c.o
/usr/bin/cc    -o CMakeFiles/cmTryCompileExec2867594351.dir/CheckSymbolExists.c.o   -c /home/nikhil/Downloads/examples/build/CMakeFiles/CMakeTmp/CheckSymbolExists.c
/home/nikhil/Downloads/examples/build/CMakeFiles/CMakeTmp/CheckSymbolExists.c:2:47: fatal error: OpenCL_INCLUDE_DIR-NOTFOUND/CL/cl.h: No such file or directory
 #include <OpenCL_INCLUDE_DIR-NOTFOUND/CL/cl.h>
                                               ^
compilation terminated.
make[1]: Leaving directory `/home/nikhil/Downloads/examples/build/CMakeFiles/CMakeTmp'
make[1]: *** [CMakeFiles/cmTryCompileExec2867594351.dir/CheckSymbolExists.c.o] Error 1
make: *** [cmTryCompileExec2867594351/fast] Error 2

File /home/nikhil/Downloads/examples/build/CMakeFiles/CMakeTmp/CheckSymbolExists.c:
/* */
#include <OpenCL_INCLUDE_DIR-NOTFOUND/CL/cl.h>

int main(int argc, char** argv)
{
  (void)argv;
#ifndef CL_VERSION_1_0
  return ((int*)(&CL_VERSION_1_0))[argc];
#else
  (void)argc;
  return 0;
#endif
}

